<?xml version="1.0" encoding="UTF-8"?>
<!-- Generated by org.testng.reporters.JUnitReportReporter -->
<testsuite hostname="Skynet" failures="0" tests="6" name="com.datadriven.framework.utils.TestDataProvider" time="0.014" errors="0" timestamp="2023-04-16T19:42:58 IST" skipped="0">
  <testcase classname="com.datadriven.framework.utils.TestDataProvider" name="sampleTestOne" time="0.001"/>
  <system-out/>
  <testcase classname="com.datadriven.framework.utils.TestDataProvider" name="sampleTestOne" time="0.008"/>
  <system-out/>
  <testcase classname="com.datadriven.framework.utils.TestDataProvider" name="sampleTestOne" time="0.001"/>
  <system-out/>
  <testcase classname="com.datadriven.framework.utils.TestDataProvider" name="sampleTestOne" time="0.001"/>
  <system-out/>
  <testcase classname="com.datadriven.framework.utils.TestDataProvider" name="sampleTestOne" time="0.001"/>
  <system-out/>
  <testcase classname="com.datadriven.framework.utils.TestDataProvider" name="sampleTestOne" time="0.002"/>
  <system-out/>
</testsuite> <!-- com.datadriven.framework.utils.TestDataProvider -->
